<?xml version="1.0" encoding="UTF-8"?>
<!-- Generated by org.testng.reporters.JUnitXMLReporter -->
<testsuite ignored="1" hostname="DESKTOP-721TN9B" failures="0" tests="2" name="Submit Order Test" time="46.736" errors="0" timestamp="2024-04-10T13:32:00 IST">
  <testcase classname="Amazon.tests.SubmitOrderTest" name="submitOrder" time="16.056"/>
  <testcase classname="Amazon.tests.SubmitOrderTest" name="submitOrder" time="15.232"/>
  <testcase classname="Amazon.tests.SubmitOrderTest" name="orderHistory" time="0.0">
    <ignored/>
  </testcase> <!-- orderHistory -->
</testsuite> <!-- Submit Order Test -->
