<?xml version="1.0" encoding="UTF-8"?>
<testng-results ignored="0" total="2" passed="2" failed="0" skipped="0">
  <reporter-output>
  </reporter-output>
  <suite started-at="2024-04-10T13:31:14 IST" name="Suite" finished-at="2024-04-10T13:32:00 IST" duration-ms="46807">
    <groups>
      <group name="Purchase">
        <method signature="SubmitOrderTest.submitOrder(java.util.HashMap)[pri:0, instance:Amazon.tests.SubmitOrderTest@3e27aa33]" name="submitOrder" class="Amazon.tests.SubmitOrderTest"/>
      </group> <!-- Purchase -->
    </groups>
    <test started-at="2024-04-10T13:31:14 IST" name="Submit Order Test" finished-at="2024-04-10T13:32:00 IST" duration-ms="46736">
      <class name="Amazon.tests.SubmitOrderTest">
        <test-method is-config="true" signature="launchApplication()[pri:0, instance:Amazon.tests.SubmitOrderTest@3e27aa33]" started-at="2024-04-10T13:31:14 IST" name="launchApplication" finished-at="2024-04-10T13:31:22 IST" duration-ms="7508" status="PASS">
          <reporter-output>
          </reporter-output>
        </test-method> <!-- launchApplication -->
        <test-method signature="submitOrder(java.util.HashMap)[pri:0, instance:Amazon.tests.SubmitOrderTest@3e27aa33]" started-at="2024-04-10T13:31:22 IST" name="submitOrder" data-provider="getdata" finished-at="2024-04-10T13:31:38 IST" duration-ms="16056" status="PASS">
          <params>
            <param index="0">
              <value>
                <![CDATA[{password=Rupe@123, product=ADIDAS ORIGINAL, email=dhrupesh@gmail.com}]]>
              </value>
            </param>
          </params>
          <reporter-output>
          </reporter-output>
        </test-method> <!-- submitOrder -->
        <test-method is-config="true" signature="tearDown()[pri:0, instance:Amazon.tests.SubmitOrderTest@3e27aa33]" started-at="2024-04-10T13:31:38 IST" name="tearDown" finished-at="2024-04-10T13:31:38 IST" duration-ms="354" status="PASS">
          <reporter-output>
          </reporter-output>
        </test-method> <!-- tearDown -->
        <test-method is-config="true" signature="launchApplication()[pri:0, instance:Amazon.tests.SubmitOrderTest@3e27aa33]" started-at="2024-04-10T13:31:38 IST" name="launchApplication" finished-at="2024-04-10T13:31:45 IST" duration-ms="6642" status="PASS">
          <reporter-output>
          </reporter-output>
        </test-method> <!-- launchApplication -->
        <test-method signature="submitOrder(java.util.HashMap)[pri:0, instance:Amazon.tests.SubmitOrderTest@3e27aa33]" started-at="2024-04-10T13:31:45 IST" name="submitOrder" data-provider="getdata" finished-at="2024-04-10T13:32:00 IST" duration-ms="15232" status="PASS">
          <params>
            <param index="0">
              <value>
                <![CDATA[{password=Ansh@937, product=ZARA COAT 3, email=anshdharikar1@gmail.com}]]>
              </value>
            </param>
          </params>
          <reporter-output>
          </reporter-output>
        </test-method> <!-- submitOrder -->
        <test-method is-config="true" signature="tearDown()[pri:0, instance:Amazon.tests.SubmitOrderTest@3e27aa33]" started-at="2024-04-10T13:32:00 IST" name="tearDown" finished-at="2024-04-10T13:32:00 IST" duration-ms="230" status="PASS">
          <reporter-output>
          </reporter-output>
        </test-method> <!-- tearDown -->
      </class> <!-- Amazon.tests.SubmitOrderTest -->
    </test> <!-- Submit Order Test -->
    <test started-at="2024-04-10T13:32:00 IST" name="Error Validation Test" finished-at="2024-04-10T13:32:00 IST" duration-ms="3">
    </test> <!-- Error Validation Test -->
  </suite> <!-- Suite -->
</testng-results>
